[20-Jul-2018 18:27:14] PHP Warning:  require_once(mysql_conn.php): failed to open stream: No such file or directory in /var/www/html/iohexol/result.php on line 3
[20-Jul-2018 18:27:14] PHP Fatal error:  require_once(): Failed opening required 'mysql_conn.php' (include_path='.:/usr/share/pear:/usr/share/php') in /var/www/html/iohexol/result.php on line 3
[20-Jul-2018 19:03:42] PHP Warning:  end() expects parameter 1 to be array, string given in /var/www/html/iohexol/result.php on line 15
[20-Jul-2018 19:03:42] PHP Warning:  end() expects parameter 1 to be array, string given in /var/www/html/iohexol/result.php on line 32
[20-Jul-2018 19:03:42] PHP Notice:  Undefined variable: name in /var/www/html/iohexol/result.php on line 48
[20-Jul-2018 19:03:42] PHP Notice:  Undefined variable: name in /var/www/html/iohexol/result.php on line 48
[20-Jul-2018 19:04:43] PHP Warning:  end() expects parameter 1 to be array, string given in /var/www/html/iohexol/result.php on line 15
[20-Jul-2018 19:04:43] PHP Warning:  end() expects parameter 1 to be array, string given in /var/www/html/iohexol/result.php on line 32
[20-Jul-2018 19:04:43] PHP Notice:  Undefined variable: name in /var/www/html/iohexol/result.php on line 48
[20-Jul-2018 19:04:43] PHP Notice:  Undefined variable: name in /var/www/html/iohexol/result.php on line 48
[20-Jul-2018 19:04:56] PHP Warning:  end() expects parameter 1 to be array, string given in /var/www/html/iohexol/result.php on line 15
[20-Jul-2018 19:04:56] PHP Warning:  end() expects parameter 1 to be array, string given in /var/www/html/iohexol/result.php on line 32
[20-Jul-2018 19:04:56] PHP Notice:  Undefined variable: name in /var/www/html/iohexol/result.php on line 48
[20-Jul-2018 19:04:56] PHP Notice:  Undefined variable: name in /var/www/html/iohexol/result.php on line 48
[20-Jul-2018 19:06:40] PHP Warning:  end() expects parameter 1 to be array, string given in /var/www/html/iohexol/result.php on line 15
[20-Jul-2018 19:06:40] PHP Warning:  end() expects parameter 1 to be array, string given in /var/www/html/iohexol/result.php on line 32
[20-Jul-2018 19:06:40] PHP Notice:  Undefined variable: name in /var/www/html/iohexol/result.php on line 48
[20-Jul-2018 19:06:40] PHP Notice:  Undefined variable: name in /var/www/html/iohexol/result.php on line 48
[20-Jul-2018 19:10:43] PHP Warning:  move_uploaded_file(/home/hhadmin/iohexol/TaskList/Iohexol_tasklist_07182018.txt): failed to open stream: Permission denied in /var/www/html/iohexol/result.php on line 23
[20-Jul-2018 19:10:43] PHP Warning:  move_uploaded_file(): Unable to move '/net/fs01.cluster.com/home/scratch/phpYSLBD4' to '/home/hhadmin/iohexol/TaskList/Iohexol_tasklist_07182018.txt' in /var/www/html/iohexol/result.php on line 23
[20-Jul-2018 19:10:43] PHP Notice:  Undefined variable: name in /var/www/html/iohexol/result.php on line 48
[20-Jul-2018 19:10:43] PHP Notice:  Undefined variable: name in /var/www/html/iohexol/result.php on line 48
[20-Jul-2018 19:11:47] PHP Warning:  move_uploaded_file(/home/hhadmin/iohexol/TaskList/Iohexol_tasklist_07182018.txt): failed to open stream: Permission denied in /var/www/html/iohexol/result.php on line 23
[20-Jul-2018 19:11:47] PHP Warning:  move_uploaded_file(): Unable to move '/net/fs01.cluster.com/home/scratch/phpkPFnHq' to '/home/hhadmin/iohexol/TaskList/Iohexol_tasklist_07182018.txt' in /var/www/html/iohexol/result.php on line 23
[20-Jul-2018 19:11:47] PHP Notice:  Undefined variable: name in /var/www/html/iohexol/result.php on line 48
[20-Jul-2018 19:11:47] PHP Notice:  Undefined variable: name in /var/www/html/iohexol/result.php on line 48
[20-Jul-2018 19:13:53] PHP Warning:  move_uploaded_file(/home/hhadmin/iohexol/TaskList/Iohexol_tasklist_07182018.txt): failed to open stream: Permission denied in /var/www/html/iohexol/result.php on line 23
[20-Jul-2018 19:13:53] PHP Warning:  move_uploaded_file(): Unable to move '/net/fs01.cluster.com/home/scratch/phpEpZtLW' to '/home/hhadmin/iohexol/TaskList/Iohexol_tasklist_07182018.txt' in /var/www/html/iohexol/result.php on line 23
[20-Jul-2018 19:14:49] PHP Warning:  move_uploaded_file(/home/hhadmin/iohexol/TaskList/Iohexol_tasklist_07182018.txt): failed to open stream: Permission denied in /var/www/html/iohexol/result.php on line 23
[20-Jul-2018 19:14:49] PHP Warning:  move_uploaded_file(): Unable to move '/net/fs01.cluster.com/home/scratch/phpDLz2uQ' to '/home/hhadmin/iohexol/TaskList/Iohexol_tasklist_07182018.txt' in /var/www/html/iohexol/result.php on line 23
[20-Jul-2018 19:17:26] PHP Warning:  move_uploaded_file(/home/hhadmin/iohexol/TaskList/Iohexol_tasklist_07182018.txt): failed to open stream: Permission denied in /var/www/html/iohexol/result.php on line 23
[20-Jul-2018 19:17:26] PHP Warning:  move_uploaded_file(): Unable to move '/net/fs01.cluster.com/home/scratch/phpgY5rvL' to '/home/hhadmin/iohexol/TaskList/Iohexol_tasklist_07182018.txt' in /var/www/html/iohexol/result.php on line 23
[20-Jul-2018 19:23:14] PHP Warning:  move_uploaded_file(/home/hhadmin/iohexol/TaskList/Iohexol_tasklist_07182018.txt): failed to open stream: Permission denied in /var/www/html/iohexol/result.php on line 23
[20-Jul-2018 19:23:14] PHP Warning:  move_uploaded_file(): Unable to move '/net/fs01.cluster.com/home/scratch/phpVM5LJR' to '/home/hhadmin/iohexol/TaskList/Iohexol_tasklist_07182018.txt' in /var/www/html/iohexol/result.php on line 23
[20-Jul-2018 19:23:32] PHP Warning:  move_uploaded_file(/home/hhadmin/iohexol/TaskList/Iohexol_tasklist_07182018.txt): failed to open stream: Permission denied in /var/www/html/iohexol/result.php on line 23
[20-Jul-2018 19:23:32] PHP Warning:  move_uploaded_file(): Unable to move '/net/fs01.cluster.com/home/scratch/phpFkIg2k' to '/home/hhadmin/iohexol/TaskList/Iohexol_tasklist_07182018.txt' in /var/www/html/iohexol/result.php on line 23
[20-Jul-2018 19:26:09] PHP Warning:  move_uploaded_file(/home/hhadmin/iohexol/TaskList/Iohexol_tasklist_07182018.txt): failed to open stream: Permission denied in /var/www/html/iohexol/result.php on line 23
[20-Jul-2018 19:26:09] PHP Warning:  move_uploaded_file(): Unable to move '/net/fs01.cluster.com/home/scratch/phpMXUSj0' to '/home/hhadmin/iohexol/TaskList/Iohexol_tasklist_07182018.txt' in /var/www/html/iohexol/result.php on line 23
[20-Jul-2018 19:26:34] PHP Warning:  move_uploaded_file(/home/hhadmin/iohexol/TaskList/Iohexol_tasklist_07182018.txt): failed to open stream: Permission denied in /var/www/html/iohexol/result.php on line 23
[20-Jul-2018 19:26:34] PHP Warning:  move_uploaded_file(): Unable to move '/net/fs01.cluster.com/home/scratch/phpgTcJHu' to '/home/hhadmin/iohexol/TaskList/Iohexol_tasklist_07182018.txt' in /var/www/html/iohexol/result.php on line 23
[20-Jul-2018 19:26:58] PHP Warning:  move_uploaded_file(/home/hhadmin/iohexol/TaskList/Iohexol_tasklist_07182018.txt): failed to open stream: Permission denied in /var/www/html/iohexol/result.php on line 23
[20-Jul-2018 19:26:58] PHP Warning:  move_uploaded_file(): Unable to move '/net/fs01.cluster.com/home/scratch/php6GfcI7' to '/home/hhadmin/iohexol/TaskList/Iohexol_tasklist_07182018.txt' in /var/www/html/iohexol/result.php on line 23
[20-Jul-2018 19:31:39] PHP Warning:  move_uploaded_file(/home/scratch/TaskList/Iohexol_tasklist_07182018.txt): failed to open stream: Permission denied in /var/www/html/iohexol/result.php on line 23
[20-Jul-2018 19:31:39] PHP Warning:  move_uploaded_file(): Unable to move '/net/fs01.cluster.com/home/scratch/phpNJMTxc' to '/home/scratch/TaskList/Iohexol_tasklist_07182018.txt' in /var/www/html/iohexol/result.php on line 23
[22-Jul-2018 15:46:00] PHP Parse error:  syntax error, unexpected T_VARIABLE, expecting ',' or ';' in /var/www/html/iohexol/result.php on line 49
[22-Jul-2018 15:47:19] PHP Parse error:  syntax error, unexpected T_CONSTANT_ENCAPSED_STRING, expecting ',' or ';' in /var/www/html/iohexol/result.php on line 49
[22-Jul-2018 15:54:41] PHP Warning:  strrpos() expects parameter 1 to be string, array given in /var/www/html/iohexol/result.php on line 45
[22-Jul-2018 15:54:41] PHP Warning:  substr() expects parameter 1 to be string, array given in /var/www/html/iohexol/result.php on line 45
[22-Jul-2018 16:46:30] PHP Notice:  Undefined index: name in /var/www/html/iohexol/download_report.php on line 4
[22-Jul-2018 16:46:33] PHP Notice:  Undefined index: name in /var/www/html/iohexol/download_pdf.php on line 4
[22-Jul-2018 16:47:01] PHP Notice:  Undefined index: name in /var/www/html/iohexol/download_pdf.php on line 4
[22-Jul-2018 16:47:03] PHP Notice:  Undefined index: name in /var/www/html/iohexol/download_report.php on line 4
[22-Jul-2018 16:49:05] PHP Notice:  Undefined index: name in /var/www/html/iohexol/download_report.php on line 4
[22-Jul-2018 16:50:12] PHP Notice:  Undefined index: name in /var/www/html/iohexol/download_pdf.php on line 4
[22-Jul-2018 16:51:54] PHP Notice:  Undefined index: name in /var/www/html/iohexol/download_report.php on line 4
[22-Jul-2018 16:53:02] PHP Notice:  Undefined index: name in /var/www/html/iohexol/download_report.php on line 4
[22-Jul-2018 17:03:35] PHP Notice:  Undefined index: date in /var/www/html/iohexol/download_report.php on line 6
[22-Jul-2018 17:11:59] PHP Notice:  Undefined index: myvar in /var/www/html/iohexol/download_report.php on line 7
[22-Jul-2018 17:19:31] PHP Notice:  Undefined offset: 2 in /var/www/html/iohexol/result.php on line 45
[22-Jul-2018 17:19:47] PHP Notice:  Undefined offset: 2 in /var/www/html/iohexol/result.php on line 45
[22-Jul-2018 17:36:02] PHP Notice:  Undefined offset: 2 in /var/www/html/iohexol/result.php on line 50
[22-Jul-2018 17:36:08] PHP Notice:  Undefined offset: 2 in /var/www/html/iohexol/result.php on line 50
[23-Jul-2018 10:19:59] PHP Notice:  Undefined offset: 2 in /var/www/html/iohexol/result.php on line 50
[23-Jul-2018 14:21:55] PHP Notice:  Undefined offset: 2 in /var/www/html/iohexol/result.php on line 50
[23-Jul-2018 14:23:12] PHP Notice:  Undefined offset: 2 in /var/www/html/iohexol/result.php on line 50
[23-Jul-2018 10:35:17] PHP Parse error:  syntax error, unexpected '=' in /var/www/html/iohexol/result.php on line 16
[23-Jul-2018 14:37:37] PHP Notice:  Use of undefined constant RefreshForm - assumed 'RefreshForm' in /var/www/html/iohexol/result.php on line 15
[23-Jul-2018 14:37:37] PHP Fatal error:  Call to undefined function submit() in /var/www/html/iohexol/result.php on line 15
[23-Jul-2018 10:53:20] PHP Parse error:  syntax error, unexpected $end in /var/www/html/iohexol/download_error.php on line 11
[23-Jul-2018 10:53:54] PHP Parse error:  syntax error, unexpected $end in /var/www/html/iohexol/download_error.php on line 11
[23-Jul-2018 10:56:12] PHP Parse error:  syntax error, unexpected '}' in /var/www/html/iohexol/result.php on line 19
[23-Jul-2018 11:01:12] PHP Parse error:  syntax error, unexpected '}' in /var/www/html/iohexol/result.php on line 98
[23-Jul-2018 15:07:01] PHP Warning:  Cannot modify header information - headers already sent by (output started at /var/www/html/iohexol/result.php:64) in /var/www/html/iohexol/result.php on line 90
[23-Jul-2018 15:09:52] PHP Warning:  Cannot modify header information - headers already sent by (output started at /var/www/html/iohexol/result.php:64) in /var/www/html/iohexol/result.php on line 90
[23-Jul-2018 15:10:14] PHP Warning:  Cannot modify header information - headers already sent in /var/www/html/iohexol/result.php on line 90
[23-Jul-2018 11:12:39] PHP Parse error:  syntax error, unexpected '{' in /var/www/html/iohexol/result.php on line 22
[23-Jul-2018 11:18:14] PHP Parse error:  syntax error, unexpected '<' in /var/www/html/iohexol/result.php on line 19
[23-Jul-2018 11:19:04] PHP Parse error:  syntax error, unexpected '}', expecting ',' or ';' in /var/www/html/iohexol/result.php on line 21
[23-Jul-2018 20:54:24] PHP Notice:  Undefined offset: 2 in /var/www/html/iohexol/result.php on line 60
[23-Jul-2018 20:54:34] PHP Notice:  Undefined offset: 2 in /var/www/html/iohexol/result.php on line 60
[23-Jul-2018 20:55:26] PHP Notice:  Undefined offset: 2 in /var/www/html/iohexol/result.php on line 60
